<?xml version="1.0" encoding="UTF-8"?>
<!-- Generated by org.testng.reporters.JUnitReportReporter -->
<testsuite hostname="txbomlopez" name="tests.FirstTest" tests="1" failures="0" timestamp="7 Dec 2018 15:26:43 GMT" time="566.622" errors="0">
  <testcase name="VerifyDeveloperPageAccess" time="566.622" classname="tests.FirstTest"/>
</testsuite> <!-- tests.FirstTest -->
